[INFO] 20:16:16:57 KernelCliente/(11058:11058): Nuevo paquete creado
[INFO] 20:16:16:58 KernelCliente/(11058:11058): hola
[INFO] 20:32:31:613 KernelCliente/(11583:11583): Nuevo paquete creado
[INFO] 20:33:13:204 KernelCliente/(11630:11630): Nuevo paquete creado
[INFO] 20:33:57:756 KernelCliente/(11686:11686): Nuevo paquete creado
[INFO] 20:33:57:757 KernelCliente/(11686:11686): SELECT
[INFO] 20:33:57:757 KernelCliente/(11686:11686): HOLA
[INFO] 20:49:44:704 KernelCliente/(12075:12075): Nuevo paquete creado
[INFO] 20:49:44:735 KernelCliente/(12075:12075): SELECT
[INFO] 20:49:44:735 KernelCliente/(12075:12075): hola
[INFO] 21:05:18:721 KernelCliente/(12479:12479): Nuevo paquete creado
[INFO] 21:05:18:752 KernelCliente/(12479:12479): SELECT
[INFO] 21:05:18:753 KernelCliente/(12479:12479): hola
[INFO] 21:05:18:753 KernelCliente/(12479:12479): 123
[INFO] 21:54:16:7 KernelCliente/(12853:12853): Nuevo paquete creado
[INFO] 21:54:17:16 KernelCliente/(12853:12853): SELECT
[INFO] 21:54:17:16 KernelCliente/(12853:12853): HOLA
[INFO] 21:54:17:16 KernelCliente/(12853:12853): 312
[INFO] 02:26:43:680 KernelCliente/(5654:5654): Nuevo paquete creado
[INFO] 02:26:43:690 KernelCliente/(5654:5654): INSERT
[INFO] 02:26:43:691 KernelCliente/(5654:5654): HOLA
[INFO] 02:26:43:691 KernelCliente/(5654:5654): 
[INFO] 02:26:43:691 KernelCliente/(5654:5654): 
[INFO] 02:40:06:964 KernelCliente/(6092:6092): CONECTANDO CON MEMORY POOL
